<?xml version="1.0" encoding="UTF-8"?>
<!-- Generated by org.testng.reporters.JUnitXMLReporter -->
<testsuite hostname="Selimind73" ignored="0" name="Feature Number One" tests="3" failures="0" timestamp="09 Jan 2019 16:04:53 GMT" time="462.205" errors="0">
  <testcase name="feature" time="63.341" classname="cucumber.api.testng.AbstractTestNGCucumberTests"/>
  <testcase name="feature" time="109.583" classname="cucumber.api.testng.AbstractTestNGCucumberTests"/>
  <testcase name="feature" time="287.892" classname="cucumber.api.testng.AbstractTestNGCucumberTests"/>
</testsuite> <!-- Feature Number One -->
