<?xml version="1.0" encoding="UTF-8"?>
<!-- Generated by org.testng.reporters.JUnitXMLReporter -->
<testsuite hostname="BNGECO-L-89144" ignored="1" name="chrome(failed)" tests="1" failures="1" timestamp="15 Jul 2019 05:03:12 GMT" time="8.187" errors="0">
  <testcase name="testTwo" time="0.061" classname="com.shell.markethub.uam.tests.UAM">
    <failure type="java.lang.AssertionError" message="null">
      <![CDATA[java.lang.AssertionError: null
at com.shell.markethub.uam.tests.UAM.testTwo(UAM.java:46)
at java.util.concurrent.FutureTask.run(Unknown Source)
at java.util.concurrent.ThreadPoolExecutor.runWorker(Unknown Source)
at java.util.concurrent.ThreadPoolExecutor$Worker.run(Unknown Source)
at java.lang.Thread.run(Unknown Source)
... Removed 18 stack frames]]>
    </failure>
  </testcase> <!-- testTwo -->
  <testcase name="testOne" time="0.0" classname="com.shell.markethub.uam.tests.UAM">
    <ignored/>
  </testcase> <!-- testOne -->
</testsuite> <!-- chrome(failed) -->
