<?xml version="1.0" encoding="UTF-8"?>
<testng-results skipped="0" failed="0" total="0" passed="0">
  <reporter-output>
  </reporter-output>
  <suite name="Page Object test example" duration-ms="0" started-at="2019-07-05T09:58:31Z" finished-at="2019-07-05T09:58:31Z">
    <groups>
    </groups>
    <test name="Test Number One" duration-ms="0" started-at="2019-07-05T09:58:31Z" finished-at="2019-07-05T09:58:31Z">
      <class name="com.pack.functionlibrary.driver">
        <test-method status="PASS" signature="runcase()[pri:0, instance:com.pack.functionlibrary.driver@4d1b0d2a]" name="runcase" is-config="true" duration-ms="83920" started-at="2019-07-05T15:27:07Z" finished-at="2019-07-05T15:28:31Z">
          <reporter-output>
          </reporter-output>
        </test-method> <!-- runcase -->
        <test-method status="PASS" signature="TestStatus()[pri:0, instance:com.pack.functionlibrary.driver@4d1b0d2a]" name="TestStatus" is-config="true" duration-ms="0" started-at="2019-07-05T15:28:31Z" finished-at="2019-07-05T15:28:31Z">
          <reporter-output>
          </reporter-output>
        </test-method> <!-- TestStatus -->
      </class> <!-- com.pack.functionlibrary.driver -->
    </test> <!-- Test Number One -->
  </suite> <!-- Page Object test example -->
</testng-results>
