<?xml version="1.0" encoding="UTF-8"?>
<testng-results skipped="0" failed="1" ignored="1" total="2" passed="0">
  <reporter-output>
  </reporter-output>
  <suite name="USFuels" duration-ms="34518" started-at="2019-09-25T10:17:23Z" finished-at="2019-09-25T10:17:57Z">
    <groups>
      <group name="sanity">
        <method signature="CarrierDriverLastLiftTest.verify_carrierdriverlastlift(org.testng.ITestContext)[pri:0, instance:com.shell.markethub.usfuels.tests.CarrierDriverLastLiftTest@74500e4f]" name="verify_carrierdriverlastlift" class="com.shell.markethub.usfuels.tests.CarrierDriverLastLiftTest"/>
      </group> <!-- sanity -->
    </groups>
    <test name="firefox" duration-ms="34518" started-at="2019-09-25T10:17:23Z" finished-at="2019-09-25T10:17:57Z">
      <class name="com.shell.markethub.usfuels.tests.CarrierDriverLastLiftTest">
        <test-method status="PASS" signature="initializeTestBaseSetup(java.lang.String, java.lang.String, java.lang.String, java.lang.String, java.lang.String, org.testng.ITestContext, java.lang.reflect.Method)[pri:0, instance:com.shell.markethub.usfuels.tests.CarrierDriverLastLiftTest@74500e4f]" name="initializeTestBaseSetup" is-config="true" duration-ms="10484" started-at="2019-09-25T15:47:23Z" finished-at="2019-09-25T15:47:34Z">
          <params>
            <param index="0">
              <value>
                <![CDATA[firefox]]>
              </value>
            </param>
            <param index="1">
              <value>
                <![CDATA[usfuels]]>
              </value>
            </param>
            <param index="2">
              <value>
                <![CDATA[NA]]>
              </value>
            </param>
            <param index="3">
              <value>
                <![CDATA[NA]]>
              </value>
            </param>
            <param index="4">
              <value>
                <![CDATA[NA]]>
              </value>
            </param>
            <param index="5">
              <value>
                <![CDATA[org.testng.TestRunner@5314e5af]]>
              </value>
            </param>
            <param index="6">
              <value>
                <![CDATA[public void com.shell.markethub.usfuels.tests.CarrierDriverLastLiftTest.verify_carrierdriverlastlift(org.testng.ITestContext) throws java.lang.Exception]]>
              </value>
            </param>
          </params>
          <reporter-output>
          </reporter-output>
        </test-method> <!-- initializeTestBaseSetup -->
        <test-method status="PASS" signature="setUp()[pri:0, instance:com.shell.markethub.usfuels.tests.CarrierDriverLastLiftTest@74500e4f]" name="setUp" is-config="true" duration-ms="19" started-at="2019-09-25T15:47:34Z" finished-at="2019-09-25T15:47:34Z">
          <reporter-output>
          </reporter-output>
        </test-method> <!-- setUp -->
        <test-method status="FAIL" signature="verify_carrierdriverlastlift(org.testng.ITestContext)[pri:0, instance:com.shell.markethub.usfuels.tests.CarrierDriverLastLiftTest@74500e4f]" name="verify_carrierdriverlastlift" duration-ms="21452" started-at="2019-09-25T15:47:34Z" finished-at="2019-09-25T15:47:55Z">
          <params>
            <param index="0">
              <value>
                <![CDATA[org.testng.TestRunner@5314e5af]]>
              </value>
            </param>
          </params>
          <exception class="org.openqa.selenium.WebDriverException">
            <message>
              <![CDATA[TypeError: rect is undefined
Build info: version: '3.141.59', revision: 'e82be7d358', time: '2018-11-14T08:17:03'
System info: host: 'BNGECO-L-89144', ip: '10.0.75.1', os.name: 'Windows 10', os.arch: 'amd64', os.version: '10.0', java.version: '1.8.0_211'
Driver info: org.openqa.selenium.firefox.FirefoxDriver
Capabilities {acceptInsecureCerts: true, browserName: firefox, browserVersion: 69.0.1, javascriptEnabled: true, moz:accessibilityChecks: false, moz:buildID: 20190917135527, moz:geckodriverVersion: 0.23.0, moz:headless: false, moz:processID: 3084, moz:profile: C:\Users\N.Kumar8\AppData\L..., moz:shutdownTimeout: 60000, moz:useNonSpecCompliantPointerOrigin: false, moz:webdriverClick: true, pageLoadStrategy: normal, platform: WINDOWS, platformName: WINDOWS, platformVersion: 10.0, rotatable: false, setWindowRect: true, strictFileInteractability: false, timeouts: {implicit: 0, pageLoad: 300000, script: 30000}, unhandledPromptBehavior: dismiss and notify}
Session ID: 810af6a9-7384-430e-a360-7cf9aef99ba5]]>
            </message>
            <full-stacktrace>
              <![CDATA[org.openqa.selenium.WebDriverException: TypeError: rect is undefined
Build info: version: '3.141.59', revision: 'e82be7d358', time: '2018-11-14T08:17:03'
System info: host: 'BNGECO-L-89144', ip: '10.0.75.1', os.name: 'Windows 10', os.arch: 'amd64', os.version: '10.0', java.version: '1.8.0_211'
Driver info: org.openqa.selenium.firefox.FirefoxDriver
Capabilities {acceptInsecureCerts: true, browserName: firefox, browserVersion: 69.0.1, javascriptEnabled: true, moz:accessibilityChecks: false, moz:buildID: 20190917135527, moz:geckodriverVersion: 0.23.0, moz:headless: false, moz:processID: 3084, moz:profile: C:\Users\N.Kumar8\AppData\L..., moz:shutdownTimeout: 60000, moz:useNonSpecCompliantPointerOrigin: false, moz:webdriverClick: true, pageLoadStrategy: normal, platform: WINDOWS, platformName: WINDOWS, platformVersion: 10.0, rotatable: false, setWindowRect: true, strictFileInteractability: false, timeouts: {implicit: 0, pageLoad: 300000, script: 30000}, unhandledPromptBehavior: dismiss and notify}
Session ID: 810af6a9-7384-430e-a360-7cf9aef99ba5
	at sun.reflect.NativeConstructorAccessorImpl.newInstance0(Native Method)
	at sun.reflect.NativeConstructorAccessorImpl.newInstance(NativeConstructorAccessorImpl.java:62)
	at sun.reflect.DelegatingConstructorAccessorImpl.newInstance(DelegatingConstructorAccessorImpl.java:45)
	at java.lang.reflect.Constructor.newInstance(Constructor.java:423)
	at org.openqa.selenium.remote.http.W3CHttpResponseCodec.createException(W3CHttpResponseCodec.java:187)
	at org.openqa.selenium.remote.http.W3CHttpResponseCodec.decode(W3CHttpResponseCodec.java:122)
	at org.openqa.selenium.remote.http.W3CHttpResponseCodec.decode(W3CHttpResponseCodec.java:49)
	at org.openqa.selenium.remote.HttpCommandExecutor.execute(HttpCommandExecutor.java:158)
	at org.openqa.selenium.remote.service.DriverCommandExecutor.execute(DriverCommandExecutor.java:83)
	at org.openqa.selenium.remote.RemoteWebDriver.execute(RemoteWebDriver.java:552)
	at org.openqa.selenium.remote.RemoteWebDriver.perform(RemoteWebDriver.java:618)
	at org.openqa.selenium.interactions.Actions$BuiltAction.perform(Actions.java:639)
	at com.shell.markethub.base.pageobjects.BasePageObject.click_aroundBody16(BasePageObject.java:325)
	at com.shell.markethub.base.pageobjects.BasePageObject$AjcClosure17.run(BasePageObject.java:1)
	at org.aspectj.runtime.reflect.JoinPointImpl.proceed(JoinPointImpl.java:149)
	at io.qameta.allure.aspects.StepsAspects.step(StepsAspects.java:51)
	at com.shell.markethub.base.pageobjects.BasePageObject.click(BasePageObject.java:313)
	at com.shell.markethub.integration.pageobjects.HomePage.clickOnCarrierDriverLastLiftLink(HomePage.java:96)
	at com.shell.markethub.usfuels.tests.CarrierDriverLastLiftTest.verify_carrierdriverlastlift(CarrierDriverLastLiftTest.java:37)
	at sun.reflect.NativeMethodAccessorImpl.invoke0(Native Method)
	at sun.reflect.NativeMethodAccessorImpl.invoke(NativeMethodAccessorImpl.java:62)
	at sun.reflect.DelegatingMethodAccessorImpl.invoke(DelegatingMethodAccessorImpl.java:43)
	at java.lang.reflect.Method.invoke(Method.java:498)
	at org.testng.internal.MethodInvocationHelper.invokeMethod(MethodInvocationHelper.java:104)
	at org.testng.internal.Invoker.invokeMethod(Invoker.java:645)
	at org.testng.internal.Invoker.invokeTestMethod(Invoker.java:851)
	at org.testng.internal.Invoker.invokeTestMethods(Invoker.java:1177)
	at org.testng.internal.TestMethodWorker.invokeTestMethods(TestMethodWorker.java:129)
	at org.testng.internal.TestMethodWorker.run(TestMethodWorker.java:112)
	at org.testng.TestRunner.privateRun(TestRunner.java:756)
	at org.testng.TestRunner.run(TestRunner.java:610)
	at org.testng.SuiteRunner.runTest(SuiteRunner.java:387)
	at org.testng.SuiteRunner.access$000(SuiteRunner.java:39)
	at org.testng.SuiteRunner$SuiteWorker.run(SuiteRunner.java:421)
	at org.testng.internal.thread.ThreadUtil$2.call(ThreadUtil.java:64)
	at java.util.concurrent.FutureTask.run(FutureTask.java:266)
	at java.util.concurrent.ThreadPoolExecutor.runWorker(ThreadPoolExecutor.java:1149)
	at java.util.concurrent.ThreadPoolExecutor$Worker.run(ThreadPoolExecutor.java:624)
	at java.lang.Thread.run(Thread.java:748)
]]>
            </full-stacktrace>
          </exception> <!-- org.openqa.selenium.WebDriverException -->
          <reporter-output>
          </reporter-output>
        </test-method> <!-- verify_carrierdriverlastlift -->
        <test-method status="PASS" signature="tearDown()[pri:0, instance:com.shell.markethub.usfuels.tests.CarrierDriverLastLiftTest@74500e4f]" name="tearDown" is-config="true" duration-ms="1927" started-at="2019-09-25T15:47:55Z" finished-at="2019-09-25T15:47:57Z">
          <reporter-output>
          </reporter-output>
        </test-method> <!-- tearDown -->
      </class> <!-- com.shell.markethub.usfuels.tests.CarrierDriverLastLiftTest -->
    </test> <!-- firefox -->
  </suite> <!-- USFuels -->
</testng-results>
