<?xml version="1.0" encoding="UTF-8"?>
<testng-results skipped="0" failed="0" ignored="0" total="1" passed="1">
  <reporter-output>
  </reporter-output>
  <suite name="Default suite" duration-ms="17520" started-at="2019-01-05T17:08:24Z" finished-at="2019-01-05T17:08:42Z">
    <groups>
      <group name="cucumber">
        <method signature="AbstractTestNGCucumberTests.feature(cucumber.api.testng.CucumberFeatureWrapper)[pri:0, instance:runner.MainRunner@727803de]" name="feature" class="cucumber.api.testng.AbstractTestNGCucumberTests"/>
      </group> <!-- cucumber -->
    </groups>
    <test name="Default test" duration-ms="17520" started-at="2019-01-05T17:08:24Z" finished-at="2019-01-05T17:08:42Z">
      <class name="runner.MainRunner">
        <test-method status="PASS" signature="setUpClass()[pri:0, instance:runner.MainRunner@727803de]" name="setUpClass" is-config="true" duration-ms="577" started-at="2019-01-05T17:08:24Z" finished-at="2019-01-05T17:08:25Z">
          <reporter-output>
          </reporter-output>
        </test-method> <!-- setUpClass -->
        <test-method status="PASS" signature="feature(cucumber.api.testng.CucumberFeatureWrapper)[pri:0, instance:runner.MainRunner@727803de]" name="feature" duration-ms="16197" started-at="2019-01-05T17:08:25Z" description="Runs Cucumber Feature" data-provider="features" finished-at="2019-01-05T17:08:41Z">
          <params>
            <param index="0">
              <value>
                <![CDATA[search flights]]>
              </value>
            </param>
          </params>
          <reporter-output>
          </reporter-output>
        </test-method> <!-- feature -->
        <test-method status="PASS" signature="writeExtentReport()[pri:0, instance:runner.MainRunner@727803de]" name="writeExtentReport" is-config="true" duration-ms="60" started-at="2019-01-05T17:08:41Z" finished-at="2019-01-05T17:08:41Z">
          <reporter-output>
          </reporter-output>
        </test-method> <!-- writeExtentReport -->
        <test-method status="PASS" signature="tearDownClass()[pri:0, instance:runner.MainRunner@727803de]" name="tearDownClass" is-config="true" duration-ms="493" started-at="2019-01-05T17:08:41Z" finished-at="2019-01-05T17:08:42Z">
          <reporter-output>
          </reporter-output>
        </test-method> <!-- tearDownClass -->
      </class> <!-- runner.MainRunner -->
    </test> <!-- Default test -->
  </suite> <!-- Default suite -->
</testng-results>
