<?xml version="1.0" encoding="UTF-8"?>
<!-- Generated by org.testng.reporters.JUnitXMLReporter -->
<testsuite hostname="VIN0020ADMVTGSV.local" name="sample test" tests="2" failures="1" timestamp="9 Jul 2018 14:22:15 GMT" time="14.756" errors="0">
  <testcase name="@AfterMethod tearDown" time="0.0" classname="com.pack.common.tests.HomePageTest">
    <failure type="java.lang.NullPointerException">
      <![CDATA[java.lang.NullPointerException
	at com.pack.base.TestBaseSetup.tearDown(TestBaseSetup.java:99)
... Removed 26 stack frames]]>
    </failure>
  </testcase> <!-- @AfterMethod tearDown -->
  <testcase name="@BeforeMethod initializeTestBaseSetup" time="0.0" classname="com.pack.common.tests.HomePageTest">
    <skipped/>
  </testcase> <!-- @BeforeMethod initializeTestBaseSetup -->
  <testcase name="@BeforeMethod setUp" time="0.0" classname="com.pack.common.tests.HomePageTest">
    <skipped/>
  </testcase> <!-- @BeforeMethod setUp -->
  <testcase name="@AfterMethod tearDown" time="0.0" classname="com.pack.common.tests.HomePageTest">
    <skipped/>
  </testcase> <!-- @AfterMethod tearDown -->
  <testcase name="verifyComposeAndSendMailFunction" time="0.035" classname="com.pack.common.tests.HomePageTest">
    <failure type="java.lang.NullPointerException">
      <![CDATA[java.lang.NullPointerException
	at com.pack.common.pageobjects.BasePage.clickSignInBtn(BasePage.java:19)
	at com.pack.common.tests.HomePageTest.verifyComposeAndSendMailFunction(HomePageTest.java:35)
... Removed 24 stack frames]]>
    </failure>
  </testcase> <!-- verifyComposeAndSendMailFunction -->
  <testcase name="verifyReadMailFunction" time="0.001" classname="com.pack.common.tests.HomePageTest">
    <skipped/>
  </testcase> <!-- verifyReadMailFunction -->
</testsuite> <!-- sample test -->
