<?xml version="1.0" encoding="UTF-8"?>
<!-- Generated by org.testng.reporters.JUnitXMLReporter -->
<testsuite hostname="BNGECO-L-89144" ignored="2" name="0409C7A6-137C-4250-BB30-922FD949CB7F" tests="1" failures="1" timestamp="20 Aug 2019 03:33:09 GMT" time="49.041" errors="0">
  <testcase name="verify_impersonate_customer_user" time="37.82" classname="com.shell.markethub.uam.tests.UserRegistrationTest">
    <failure type="java.lang.AssertionError" message="expected [You are impersonating:] but found []">
      <![CDATA[java.lang.AssertionError: expected [You are impersonating:] but found []
at com.shell.markethub.uam.tests.UserRegistrationTest.verify_impersonate_customer_user(UserRegistrationTest.java:61)
at com.shell.markethub.base.util.BaseSetup.beforeSuite(BaseSetup.java:262)
at com.shell.markethub.uam.tests.UAMBaseTest.beforeSuite(UAMBaseTest.java:53)
... Removed 53 stack frames]]>
    </failure>
  </testcase> <!-- verify_impersonate_customer_user -->
  <testcase name="verify_search_customer_user" time="0.0" classname="com.shell.markethub.uam.tests.UserRegistrationTest">
    <ignored/>
  </testcase> <!-- verify_search_customer_user -->
  <testcase name="beforeSuite" time="0.0" classname="com.shell.markethub.uam.tests.UAMBaseTest">
    <ignored/>
  </testcase> <!-- beforeSuite -->
</testsuite> <!-- 0409C7A6-137C-4250-BB30-922FD949CB7F -->
