<?xml version="1.0" encoding="UTF-8"?>
<!-- Generated by org.testng.reporters.JUnitXMLReporter -->
<testsuite hostname="BNGECO-L-89144" ignored="2" name="10.43.90.36:5555" tests="1" failures="0" timestamp="14 Aug 2019 09:12:04 GMT" time="151.186" errors="0">
  <testcase name="verify_impersonate_customer_user" time="104.879" classname="com.shell.markethub.uam.tests.UserRegistrationTest"/>
  <testcase name="verify_search_customer_user" time="0.0" classname="com.shell.markethub.uam.tests.UserRegistrationTest">
    <ignored/>
  </testcase> <!-- verify_search_customer_user -->
  <testcase name="beforeSuite" time="0.0" classname="com.shell.markethub.uam.tests.UAMBaseTest">
    <ignored/>
  </testcase> <!-- beforeSuite -->
</testsuite> <!-- 10.43.90.36:5555 -->
