<?xml version="1.0" encoding="UTF-8"?>
<!-- Generated by org.testng.reporters.JUnitXMLReporter -->
<testsuite hostname="BNGECO-L-89144" ignored="2" name="emulator-5554" tests="1" failures="0" timestamp="16 Aug 2019 07:46:59 GMT" time="147.449" errors="0">
  <testcase name="verify_impersonate_customer_user" time="96.398" classname="com.shell.markethub.uam.tests.UserRegistrationTest"/>
  <testcase name="verify_search_customer_user" time="0.0" classname="com.shell.markethub.uam.tests.UserRegistrationTest">
    <ignored/>
  </testcase> <!-- verify_search_customer_user -->
  <testcase name="beforeSuite" time="0.0" classname="com.shell.markethub.uam.tests.UAMBaseTest">
    <ignored/>
  </testcase> <!-- beforeSuite -->
</testsuite> <!-- emulator-5554 -->
