<?xml version="1.0" encoding="UTF-8"?>
<!-- Generated by org.testng.reporters.JUnitXMLReporter -->
<testsuite hostname="BNGECO-L-89144" ignored="5" name="firefox" tests="1" failures="1" timestamp="25 Sep 2019 10:16:40 GMT" time="138.434" errors="0">
  <testcase name="verify_search_customer_user" time="125.943" classname="com.shell.markethub.uam.tests.ManageCustomerUserTest">
    <failure type="java.lang.AssertionError" message="The following assertions failed:
	FAILED - Search Customer User Title is displaying expected [true] but found [false],
	FAILED - User List Table is displaying expected [true] but found [false]">
      <![CDATA[java.lang.AssertionError: The following assertions failed:
	FAILED - Search Customer User Title is displaying expected [true] but found [false],
	FAILED - User List Table is displaying expected [true] but found [false]
	at com.shell.markethub.base.util.Assertions.assertAll(Assertions.java:64)
	at com.shell.markethub.base.util.BaseTest.assertAll(BaseTest.java:182)
	at com.shell.markethub.uam.tests.ManageCustomerUserTest.verify_search_customer_user(ManageCustomerUserTest.java:42)
	at java.util.concurrent.FutureTask.run(FutureTask.java:266)
	at java.util.concurrent.ThreadPoolExecutor.runWorker(ThreadPoolExecutor.java:1149)
	at java.util.concurrent.ThreadPoolExecutor$Worker.run(ThreadPoolExecutor.java:624)
	at java.lang.Thread.run(Thread.java:748)
... Removed 16 stack frames]]>
    </failure>
  </testcase> <!-- verify_search_customer_user -->
  <testcase name="verify_activate_customer_user" time="0.0" classname="com.shell.markethub.uam.tests.ManageCustomerUserTest">
    <ignored/>
  </testcase> <!-- verify_activate_customer_user -->
  <testcase name="verify_update_customer_user" time="0.0" classname="com.shell.markethub.uam.tests.ManageCustomerUserTest">
    <ignored/>
  </testcase> <!-- verify_update_customer_user -->
  <testcase name="verify_deactivate_customer_user" time="0.0" classname="com.shell.markethub.uam.tests.ManageCustomerUserTest">
    <ignored/>
  </testcase> <!-- verify_deactivate_customer_user -->
  <testcase name="beforeSuite" time="0.0" classname="com.shell.markethub.uam.tests.UAMBaseTest">
    <ignored/>
  </testcase> <!-- beforeSuite -->
  <testcase name="verify_impersonate_customer_user" time="0.0" classname="com.shell.markethub.uam.tests.ManageCustomerUserTest">
    <ignored/>
  </testcase> <!-- verify_impersonate_customer_user -->
</testsuite> <!-- firefox -->
