<?xml version="1.0" encoding="UTF-8"?>
<!-- Generated by org.testng.reporters.JUnitXMLReporter -->
<testsuite hostname="BNGECO-L-89144" ignored="0" name="firefox" tests="2" failures="1" timestamp="16 Jul 2019 11:03:13 GMT" time="23.334" errors="0">
  <testcase name="testOne" time="0.003" classname="com.shell.markethub.uam.tests.UAM"/>
  <testcase name="testTwo" time="0.002" classname="com.shell.markethub.uam.tests.UAM">
    <failure type="java.lang.AssertionError" message="null">
      <![CDATA[java.lang.AssertionError: null
at com.shell.markethub.uam.tests.UAM.testTwo(UAM.java:54)
at java.util.concurrent.FutureTask.run(FutureTask.java:266)
at java.util.concurrent.ThreadPoolExecutor.runWorker(ThreadPoolExecutor.java:1149)
at java.util.concurrent.ThreadPoolExecutor$Worker.run(ThreadPoolExecutor.java:624)
at java.lang.Thread.run(Thread.java:748)
... Removed 18 stack frames]]>
    </failure>
  </testcase> <!-- testTwo -->
</testsuite> <!-- firefox -->
