<?xml version="1.0" encoding="UTF-8"?>
<!-- Generated by org.testng.reporters.JUnitXMLReporter -->
<testsuite hostname="BNGECO-L-89144" ignored="2" name="iPhone 6" tests="2" failures="2" timestamp="16 Aug 2019 08:31:15 GMT" time="22.336" errors="0">
  <testcase name="verify_impersonate_customer_user" time="0.007" classname="com.shell.markethub.uam.tests.UserRegistrationTest">
    <failure type="java.lang.NullPointerException">
      <![CDATA[java.lang.NullPointerException
at com.shell.markethub.base.pageobjects.BasePageObject.getURL(BasePageObject.java:1277)
at com.shell.markethub.integration.pageobjects.LoginPage.getMarketHubHomePage(LoginPage.java:60)
at com.shell.markethub.uam.tests.UserRegistrationTest.verify_impersonate_customer_user(UserRegistrationTest.java:50)
at com.shell.markethub.base.util.BaseSetup.beforeSuite(BaseSetup.java:262)
at com.shell.markethub.uam.tests.UAMBaseTest.beforeSuite(UAMBaseTest.java:53)
... Removed 47 stack frames]]>
    </failure>
  </testcase> <!-- verify_impersonate_customer_user -->
  <testcase name="verify_impersonate_customer_user" time="22.263" classname="com.shell.markethub.uam.tests.UserRegistrationTest">
    <failure type="java.lang.NullPointerException">
      <![CDATA[java.lang.NullPointerException
at com.shell.markethub.base.util.listeners.BaseListener.takeScreenShot(BaseListener.java:105)
at com.shell.markethub.base.util.listeners.BaseListener.onTestFailure(BaseListener.java:83)
at com.shell.markethub.base.util.BaseSetup.beforeSuite(BaseSetup.java:262)
at com.shell.markethub.uam.tests.UAMBaseTest.beforeSuite(UAMBaseTest.java:53)
... Removed 44 stack frames]]>
    </failure>
  </testcase> <!-- verify_impersonate_customer_user -->
  <testcase name="verify_search_customer_user" time="0.0" classname="com.shell.markethub.uam.tests.UserRegistrationTest">
    <ignored/>
  </testcase> <!-- verify_search_customer_user -->
  <testcase name="beforeSuite" time="0.0" classname="com.shell.markethub.uam.tests.UAMBaseTest">
    <ignored/>
  </testcase> <!-- beforeSuite -->
</testsuite> <!-- iPhone 6 -->
