<?xml version="1.0" encoding="UTF-8"?>
<!-- Generated by org.testng.reporters.JUnitXMLReporter -->
<testsuite hostname="BNGECO-L-89144" ignored="3" name="mobileSafari" tests="2" failures="2" timestamp="06 Sep 2019 11:02:17 GMT" time="2.579" errors="0">
  <testcase name="verify_deactivate_customer_user" time="0.018" classname="com.shell.markethub.uam.tests.ManageCustomerUserTest">
    <failure type="java.lang.NullPointerException">
      <![CDATA[java.lang.NullPointerException
at com.shell.markethub.base.pageobjects.BasePageObject.getURL(BasePageObject.java:1286)
at com.shell.markethub.integration.pageobjects.LoginPage.getMarketHubHomePage(LoginPage.java:68)
at com.shell.markethub.uam.tests.ManageCustomerUserTest.verify_deactivate_customer_user(ManageCustomerUserTest.java:75)
at com.shell.markethub.base.util.BaseSetup.beforeSuite(BaseSetup.java:267)
at com.shell.markethub.uam.tests.UAMBaseTest.beforeSuite(UAMBaseTest.java:53)
... Removed 47 stack frames]]>
    </failure>
  </testcase> <!-- verify_deactivate_customer_user -->
  <testcase name="verify_deactivate_customer_user" time="2.447" classname="com.shell.markethub.uam.tests.ManageCustomerUserTest">
    <failure type="java.lang.NullPointerException">
      <![CDATA[java.lang.NullPointerException
at com.shell.markethub.base.util.listeners.BaseListener.takeScreenShot(BaseListener.java:109)
at com.shell.markethub.base.util.listeners.BaseListener.onTestFailure(BaseListener.java:87)
at com.shell.markethub.base.util.BaseSetup.beforeSuite(BaseSetup.java:267)
at com.shell.markethub.uam.tests.UAMBaseTest.beforeSuite(UAMBaseTest.java:53)
... Removed 44 stack frames]]>
    </failure>
  </testcase> <!-- verify_deactivate_customer_user -->
  <testcase name="verify_search_customer_user" time="0.0" classname="com.shell.markethub.uam.tests.ManageCustomerUserTest">
    <ignored/>
  </testcase> <!-- verify_search_customer_user -->
  <testcase name="beforeSuite" time="0.0" classname="com.shell.markethub.uam.tests.UAMBaseTest">
    <ignored/>
  </testcase> <!-- beforeSuite -->
  <testcase name="verify_impersonate_customer_user" time="0.0" classname="com.shell.markethub.uam.tests.ManageCustomerUserTest">
    <ignored/>
  </testcase> <!-- verify_impersonate_customer_user -->
</testsuite> <!-- mobileSafari -->
