<?xml version="1.0" encoding="UTF-8"?>
<!-- Generated by org.testng.reporters.JUnitXMLReporter -->
<testsuite hostname="BNGECO-L-89144" ignored="1" name="chrome" tests="1" failures="0" timestamp="13 Sep 2019 07:00:21 GMT" time="60.442" errors="0">
  <testcase name="verify_contractrecapture" time="47.57" classname="com.shell.markethub.usfuels.tests.ContractRecaptureTest"/>
  <testcase name="beforeSuite" time="0.0" classname="com.shell.markethub.usfuels.tests.USFuelsBaseTest">
    <ignored/>
  </testcase> <!-- beforeSuite -->
</testsuite> <!-- chrome -->
