<?xml version="1.0" encoding="UTF-8"?>
<!-- Generated by org.testng.reporters.JUnitXMLReporter -->
<testsuite hostname="BNGECO-L-89144" ignored="1" name="NA" tests="1" failures="0" timestamp="30 Aug 2019 09:52:01 GMT" time="212.841" errors="0">
  <testcase name="verify_aom_view_order" time="205.434" classname="com.shell.markethub.ecommerce.tests.ViewOrderTest"/>
  <testcase name="beforeSuite" time="0.0" classname="com.shell.markethub.ecommerce.tests.eCommerceBaseTest">
    <ignored/>
  </testcase> <!-- beforeSuite -->
</testsuite> <!-- NA -->
