<?xml version="1.0" encoding="UTF-8"?>
<testng-results skipped="0" failed="1" total="1" passed="0">
  <reporter-output>
  </reporter-output>
  <suite name="You Tube" duration-ms="92576" started-at="2018-11-14T06:43:56Z" finished-at="2018-11-14T06:45:29Z">
    <groups>
      <group name="Native">
        <method signature="StreamVideoPageTest.verifyMinimizeAndMaximizeVideo()[pri:0, instance:com.pack.common.tests.StreamVideoPageTest@badf24b]" name="verifyMinimizeAndMaximizeVideo" class="com.pack.common.tests.StreamVideoPageTest"/>
      </group> <!-- Native -->
    </groups>
    <test name="Emulator_Pixel" duration-ms="92576" started-at="2018-11-14T06:43:56Z" finished-at="2018-11-14T06:45:29Z">
      <class name="com.pack.common.tests.StreamVideoPageTest">
        <test-method status="PASS" signature="initializeTestBaseSetup(java.lang.String, java.lang.String, java.lang.String)[pri:0, instance:com.pack.common.tests.StreamVideoPageTest@badf24b]" name="initializeTestBaseSetup" is-config="true" duration-ms="31638" started-at="2018-11-14T12:13:56Z" finished-at="2018-11-14T12:14:28Z">
          <params>
            <param index="0">
              <value>
                <![CDATA[emulator-5554]]>
              </value>
            </param>
            <param index="1">
              <value>
                <![CDATA[7.1.1]]>
              </value>
            </param>
            <param index="2">
              <value>
                <![CDATA[127.0.0.1:4723]]>
              </value>
            </param>
          </params>
          <reporter-output>
          </reporter-output>
        </test-method> <!-- initializeTestBaseSetup -->
        <test-method status="PASS" signature="setUp()[pri:0, instance:com.pack.common.tests.StreamVideoPageTest@badf24b]" name="setUp" is-config="true" duration-ms="0" started-at="2018-11-14T12:14:28Z" finished-at="2018-11-14T12:14:28Z">
          <reporter-output>
          </reporter-output>
        </test-method> <!-- setUp -->
        <test-method status="FAIL" signature="verifyMinimizeAndMaximizeVideo()[pri:0, instance:com.pack.common.tests.StreamVideoPageTest@badf24b]" name="verifyMinimizeAndMaximizeVideo" duration-ms="29347" started-at="2018-11-14T12:14:28Z" description="Verify Minimize and Maximize Video functionality" finished-at="2018-11-14T12:14:57Z">
          <exception class="org.openqa.selenium.WebDriverException">
            <message>
              <![CDATA[An unknown server-side error occurred while processing the command. (WARNING: The server did not provide any stacktrace information)
Command duration or timeout: 147 milliseconds
Build info: version: '2.53.0', revision: '35ae25b1534ae328c771e0856c93e187490ca824', time: '2016-03-15 10:43:46'
System info: host: 'c1ml16461', ip: '172.25.236.196', os.name: 'Windows 10', os.arch: 'amd64', os.version: '10.0', java.version: '1.8.0_181'
Driver info: io.appium.java_client.android.AndroidDriver
Capabilities [{appPackage=com.google.android.youtube, deviceScreenSize=1080x1920, networkConnectionEnabled=true, noReset=true, warnings={}, databaseEnabled=false, deviceName=emulator-5554, fullReset=false, platform=LINUX, deviceUDID=emulator-5554, appActivity=com.google.android.apps.youtube.app.WatchWhileActivity, desired={appPackage=com.google.android.youtube, appActivity=com.google.android.apps.youtube.app.WatchWhileActivity, noReset=true, udid=emulator-5554, platformName=Android, deviceName=emulator-5554, fullReset=false}, platformVersion=7.1.1, webStorageEnabled=false, locationContextEnabled=false, takesScreenshot=true, javascriptEnabled=true, deviceModel=Android SDK built for x86, udid=emulator-5554, platformName=Android, deviceManufacturer=Google}]
Session ID: 89fe6513-1ec9-4cc3-89da-fbf461f6f6ec]]>
            </message>
            <full-stacktrace>
              <![CDATA[org.openqa.selenium.WebDriverException: An unknown server-side error occurred while processing the command. (WARNING: The server did not provide any stacktrace information)
Command duration or timeout: 147 milliseconds
Build info: version: '2.53.0', revision: '35ae25b1534ae328c771e0856c93e187490ca824', time: '2016-03-15 10:43:46'
System info: host: 'c1ml16461', ip: '172.25.236.196', os.name: 'Windows 10', os.arch: 'amd64', os.version: '10.0', java.version: '1.8.0_181'
Driver info: io.appium.java_client.android.AndroidDriver
Capabilities [{appPackage=com.google.android.youtube, deviceScreenSize=1080x1920, networkConnectionEnabled=true, noReset=true, warnings={}, databaseEnabled=false, deviceName=emulator-5554, fullReset=false, platform=LINUX, deviceUDID=emulator-5554, appActivity=com.google.android.apps.youtube.app.WatchWhileActivity, desired={appPackage=com.google.android.youtube, appActivity=com.google.android.apps.youtube.app.WatchWhileActivity, noReset=true, udid=emulator-5554, platformName=Android, deviceName=emulator-5554, fullReset=false}, platformVersion=7.1.1, webStorageEnabled=false, locationContextEnabled=false, takesScreenshot=true, javascriptEnabled=true, deviceModel=Android SDK built for x86, udid=emulator-5554, platformName=Android, deviceManufacturer=Google}]
Session ID: 89fe6513-1ec9-4cc3-89da-fbf461f6f6ec
	at sun.reflect.NativeConstructorAccessorImpl.newInstance0(Native Method)
	at sun.reflect.NativeConstructorAccessorImpl.newInstance(NativeConstructorAccessorImpl.java:62)
	at sun.reflect.DelegatingConstructorAccessorImpl.newInstance(DelegatingConstructorAccessorImpl.java:45)
	at java.lang.reflect.Constructor.newInstance(Constructor.java:423)
	at org.openqa.selenium.remote.ErrorHandler.createThrowable(ErrorHandler.java:206)
	at org.openqa.selenium.remote.ErrorHandler.throwIfResponseFailed(ErrorHandler.java:158)
	at org.openqa.selenium.remote.RemoteWebDriver.execute(RemoteWebDriver.java:678)
	at io.appium.java_client.DefaultGenericMobileDriver.execute(DefaultGenericMobileDriver.java:51)
	at io.appium.java_client.AppiumDriver.execute(AppiumDriver.java:1)
	at io.appium.java_client.android.AndroidDriver.execute(AndroidDriver.java:1)
	at io.appium.java_client.AppiumDriver.performTouchAction(AppiumDriver.java:369)
	at io.appium.java_client.TouchAction.perform(TouchAction.java:323)
	at com.pack.common.pageobjects.StreamVideoPage.swipeDown(StreamVideoPage.java:76)
	at com.pack.common.tests.StreamVideoPageTest.verifyMinimizeAndMaximizeVideo(StreamVideoPageTest.java:69)
	at sun.reflect.NativeMethodAccessorImpl.invoke0(Native Method)
	at sun.reflect.NativeMethodAccessorImpl.invoke(NativeMethodAccessorImpl.java:62)
	at sun.reflect.DelegatingMethodAccessorImpl.invoke(DelegatingMethodAccessorImpl.java:43)
	at java.lang.reflect.Method.invoke(Method.java:498)
	at org.testng.internal.MethodInvocationHelper.invokeMethod(MethodInvocationHelper.java:86)
	at org.testng.internal.Invoker.invokeMethod(Invoker.java:643)
	at org.testng.internal.Invoker.invokeTestMethod(Invoker.java:820)
	at org.testng.internal.Invoker.invokeTestMethods(Invoker.java:1128)
	at org.testng.internal.TestMethodWorker.invokeTestMethods(TestMethodWorker.java:129)
	at org.testng.internal.TestMethodWorker.run(TestMethodWorker.java:112)
	at org.testng.TestRunner.privateRun(TestRunner.java:782)
	at org.testng.TestRunner.run(TestRunner.java:632)
	at org.testng.SuiteRunner.runTest(SuiteRunner.java:366)
	at org.testng.SuiteRunner.access$000(SuiteRunner.java:39)
	at org.testng.SuiteRunner$SuiteWorker.run(SuiteRunner.java:400)
	at org.testng.internal.thread.ThreadUtil$2.call(ThreadUtil.java:64)
	at java.util.concurrent.FutureTask.run(FutureTask.java:266)
	at java.util.concurrent.ThreadPoolExecutor.runWorker(ThreadPoolExecutor.java:1149)
	at java.util.concurrent.ThreadPoolExecutor$Worker.run(ThreadPoolExecutor.java:624)
	at java.lang.Thread.run(Thread.java:748)
]]>
            </full-stacktrace>
          </exception> <!-- org.openqa.selenium.WebDriverException -->
          <reporter-output>
          </reporter-output>
        </test-method> <!-- verifyMinimizeAndMaximizeVideo -->
        <test-method status="PASS" signature="tearDown()[pri:0, instance:com.pack.common.tests.StreamVideoPageTest@badf24b]" name="tearDown" is-config="true" duration-ms="13508" started-at="2018-11-14T12:15:15Z" finished-at="2018-11-14T12:15:29Z">
          <reporter-output>
          </reporter-output>
        </test-method> <!-- tearDown -->
      </class> <!-- com.pack.common.tests.StreamVideoPageTest -->
    </test> <!-- Emulator_Pixel -->
  </suite> <!-- You Tube -->
</testng-results>
